<?xml version="1.0" encoding="UTF-8"?>
<!-- Generated by org.testng.reporters.JUnitReportReporter -->
<testsuite hostname="administrator-H81M-S" failures="0" tests="1" name="ihub.mutitherad" time="32.547" errors="0" timestamp="2019-12-13T14:30:35 IST" skipped="0">
  <testcase classname="ihub.mutitherad" name="f" time="32.547"/>
</testsuite> <!-- ihub.mutitherad -->
