<?xml version="1.0" encoding="UTF-8"?>
<!-- Generated by org.testng.reporters.JUnitReportReporter -->
<testsuite hostname="administrator-H81M-S" failures="0" tests="1" name="ihub.testcasefails" time="50.994" errors="0" timestamp="2020-02-13T10:35:07 IST" skipped="0">
  <testcase classname="ihub.testcasefails" name="f" time="50.994"/>
</testsuite> <!-- ihub.testcasefails -->
