<?xml version="1.0" encoding="UTF-8"?>
<!-- Generated by org.testng.reporters.JUnitReportReporter -->
<testsuite hostname="administrator-H81M-S" failures="0" tests="1" name="ihub.dropdown" time="10.173" errors="0" timestamp="2020-02-10T15:42:04 IST" skipped="0">
  <testcase classname="ihub.dropdown" name="f" time="10.173"/>
</testsuite> <!-- ihub.dropdown -->
